Using pre-set license

 COMMAND LINE ARGUMENTS:
/Volumes/SSD Bastien/Applications/Unity/Hub/Editor/2020.3.0f1/Unity.app/Contents/MacOS/Unity
-adb2
-batchMode
-noUpm
-name
AssetImportWorker0
-projectPath
/Users/bastien/Documents/git/Programming-Theory-Repo/Programming Theory Project
-logFile
Logs/AssetImportWorker0.log
-srvPort
55047
Successfully changed project path to: /Users/bastien/Documents/git/Programming-Theory-Repo/Programming Theory Project
/Users/bastien/Documents/git/Programming-Theory-Repo/Programming Theory Project
Using Asset Import Pipeline V2.
Refreshing native plugins compatible for Editor in 23.22 ms, found 1 plugins.
Preloading 0 native plugins for Editor in 0.00 ms.
Initialize engine version: 2020.3.0f1 (c7b5465681fb)
[Subsystems] Discovering subsystems at path /Volumes/SSD Bastien/Applications/Unity/Hub/Editor/2020.3.0f1/Unity.app/Contents/Resources/UnitySubsystems
[Subsystems] Discovering subsystems at path /Users/bastien/Documents/git/Programming-Theory-Repo/Programming Theory Project/Assets
GfxDevice: creating device client; threaded=0
2022-03-27 19:40:57.537 Unity[13789:7251209] (null) preferred device: Apple M1 (high power)
2022-03-27 19:40:57.537 Unity[13789:7251209] Metal devices available: 1
2022-03-27 19:40:57.537 Unity[13789:7251209] 0: Apple M1 (high power)
2022-03-27 19:40:57.537 Unity[13789:7251209] Forcing user selected device: Apple M1 (high power)
Initializing Metal device caps: Apple M1
Initialize mono
Mono path[0] = '/Volumes/SSD Bastien/Applications/Unity/Hub/Editor/2020.3.0f1/Unity.app/Contents/Managed'
Mono path[1] = '/Volumes/SSD Bastien/Applications/Unity/Hub/Editor/2020.3.0f1/Unity.app/Contents/MonoBleedingEdge/lib/mono/unityjit'
Mono config path = '/Volumes/SSD Bastien/Applications/Unity/Hub/Editor/2020.3.0f1/Unity.app/Contents/MonoBleedingEdge/etc'
Using monoOptions --debugger-agent=transport=dt_socket,embedding=1,server=y,suspend=n,address=127.0.0.1:56789
Begin MonoManager ReloadAssembly
Registering precompiled unity dll's ...
Register platform support module: /Volumes/SSD Bastien/Applications/Unity/Hub/Editor/2020.3.0f1/PlaybackEngines/WebGLSupport/UnityEditor.WebGL.Extensions.dll
Register platform support module: /Volumes/SSD Bastien/Applications/Unity/Hub/Editor/2020.3.0f1/Unity.app/Contents/PlaybackEngines/MacStandaloneSupport/UnityEditor.OSXStandalone.Extensions.dll
Register platform support module: /Volumes/SSD Bastien/Applications/Unity/Hub/Editor/2020.3.0f1/PlaybackEngines/WindowsStandaloneSupport/UnityEditor.WindowsStandalone.Extensions.dll
Registered in 0.000551 seconds.
Native extension for WindowsStandalone target not found
Native extension for OSXStandalone target not found
Native extension for WebGL target not found
Refreshing native plugins compatible for Editor in 23.36 ms, found 1 plugins.
Preloading 0 native plugins for Editor in 0.00 ms.
Invoked RoslynAnalysisRunner static constructor.
RoslynAnalysisRunner will not be running.
RoslynAnalysisRunner has terminated.
Mono: successfully reloaded assembly
- Completed reload, in  3.961 seconds
Platform modules already initialized, skipping
Registering precompiled user dll's ...
Registered in 0.000272 seconds.
Begin MonoManager ReloadAssembly
Native extension for WindowsStandalone target not found
Native extension for OSXStandalone target not found
Native extension for WebGL target not found
Refreshing native plugins compatible for Editor in 0.18 ms, found 1 plugins.
Preloading 0 native plugins for Editor in 0.00 ms.
Invoked RoslynAnalysisRunner static constructor.
RoslynAnalysisRunner will not be running.
RoslynAnalysisRunner has terminated.
Mono: successfully reloaded assembly
- Completed reload, in  1.539 seconds
Platform modules already initialized, skipping
========================================================================
Worker process is ready to serve import requests
Launching external process: /Volumes/SSD Bastien/Applications/Unity/Hub/Editor/2020.3.0f1/Unity.app/Contents/Tools/UnityShaderCompiler
Launched and connected shader compiler UnityShaderCompiler after 0.03 seconds
Refreshing native plugins compatible for Editor in 0.19 ms, found 1 plugins.
Preloading 0 native plugins for Editor in 0.00 ms.
Unloading 1135 Unused Serialized files (Serialized files now loaded: 0)
System memory in use before: 115.5 MB.
System memory in use after: 115.6 MB.

Unloading 9 unused Assets to reduce memory usage. Loaded Objects now: 1578.
Total: 1.408583 ms (FindLiveObjects: 0.146000 ms CreateObjectMapping: 0.024458 ms MarkObjects: 1.080417 ms  DeleteObjects: 0.156834 ms)

========================================================================
Received Import Request.
  path: Assets/Scenes/Chess.unity
  artifactKey: Guid(16a1c04fc42294301a097f61eca74644) Importer(815301076,1909f56bfc062723c751e8b465ee728b)
Start importing Assets/Scenes/Chess.unity using Guid(16a1c04fc42294301a097f61eca74644) Importer(815301076,1909f56bfc062723c751e8b465ee728b)  -> (artifact id: 'd056eb6c25c969f12bf501cb72337637') in 0.017455 seconds
  Import took 0.019765 seconds .

========================================================================
Received Import Request.
  Time since last request: 0.000220 seconds.
  path: Assets/Scenes
  artifactKey: Guid(57a14836ee848467b9a861c9fdc02520) Importer(815301076,1909f56bfc062723c751e8b465ee728b)
Start importing Assets/Scenes using Guid(57a14836ee848467b9a861c9fdc02520) Importer(815301076,1909f56bfc062723c751e8b465ee728b)  -> (artifact id: '7cd7276085ec374a70cc8ce9b3bedbe1') in 0.001342 seconds
  Import took 0.002627 seconds .

========================================================================
Received Import Request.
  Time since last request: 0.032090 seconds.
  path: Assets/Scenes/Chess.unity
  artifactKey: Guid(16a1c04fc42294301a097f61eca74644) Importer(815301076,1909f56bfc062723c751e8b465ee728b)
Start importing Assets/Scenes/Chess.unity using Guid(16a1c04fc42294301a097f61eca74644) Importer(815301076,1909f56bfc062723c751e8b465ee728b)  -> (artifact id: 'd056eb6c25c969f12bf501cb72337637') in 0.001673 seconds
  Import took 0.003427 seconds .

========================================================================
Received Prepare
Refreshing native plugins compatible for Editor in 1.33 ms, found 1 plugins.
Preloading 0 native plugins for Editor in 0.00 ms.
Unloading 2 Unused Serialized files (Serialized files now loaded: 0)
System memory in use before: 91.8 MB.
System memory in use after: 91.9 MB.

Unloading 2 unused Assets to reduce memory usage. Loaded Objects now: 1578.
Total: 5.837916 ms (FindLiveObjects: 0.236833 ms CreateObjectMapping: 0.032291 ms MarkObjects: 5.529292 ms  DeleteObjects: 0.038541 ms)

========================================================================
Received Import Request.
  Time since last request: 150.140033 seconds.
  path: Assets/Scripts/BoardHighlights.cs
  artifactKey: Guid(f15e9a326b0af45f08fc9c062e2e73da) Importer(815301076,1909f56bfc062723c751e8b465ee728b)
Start importing Assets/Scripts/BoardHighlights.cs using Guid(f15e9a326b0af45f08fc9c062e2e73da) Importer(815301076,1909f56bfc062723c751e8b465ee728b)  -> (artifact id: '3a5a424455653eb016e65abd436b783d') in 0.249979 seconds
  Import took 0.251712 seconds .

========================================================================
Received Import Request.
  Time since last request: 16.959878 seconds.
  path: Assets/Scripts/BoardManager.cs
  artifactKey: Guid(3496d574da5e64bba9f59781fc040738) Importer(815301076,1909f56bfc062723c751e8b465ee728b)
Start importing Assets/Scripts/BoardManager.cs using Guid(3496d574da5e64bba9f59781fc040738) Importer(815301076,1909f56bfc062723c751e8b465ee728b)  -> (artifact id: '71a442144dbbe406600c05a0380e3a7d') in 0.017784 seconds
  Import took 0.031956 seconds .

